[ 2017-10-21T09:01:43+08:00 ] ::1 /shouji/
INFO: [ app_init ] --START--
INFO: Run Behavior\BuildLiteBehavior [ RunTime:0.000000s ]
INFO: [ app_init ] --END-- [ RunTime:0.005000s ]
INFO: [ app_begin ] --START--
INFO: Run Behavior\ReadHtmlCacheBehavior [ RunTime:0.001000s ]
INFO: [ app_begin ] --END-- [ RunTime:0.001000s ]
NOTIC: [8] Undefined index: id D:\wamp\www\shouji\application\Home\Controller\IndexController.class.php 第 6 行.
SQL: SHOW COLUMNS FROM `shouji` [ RunTime:0.014001s ]
SQL: SHOW COLUMNS FROM `model_number` [ RunTime:0.010001s ]
NOTIC: [2] Missing argument 1 for Think\Model::where(), called in D:\wamp\www\shouji\application\Home\Controller\IndexController.class.php on line 17 and defined D:\wamp\www\shouji\ThinkPHP\Library\Think\Model.class.php 第 1598 行.
NOTIC: [8] Undefined variable: where D:\wamp\www\shouji\ThinkPHP\Library\Think\Model.class.php 第 1606 行.
NOTIC: [8] Undefined variable: where D:\wamp\www\shouji\ThinkPHP\Library\Think\Model.class.php 第 1609 行.
NOTIC: [8] Undefined variable: where D:\wamp\www\shouji\ThinkPHP\Library\Think\Model.class.php 第 1617 行.
SQL: SELECT * FROM `model_number` LIMIT 0,8   [ RunTime:0.000000s ]
SQL: SELECT * FROM `shouji`  [ RunTime:0.000000s ]
NOTIC: [2] Missing argument 1 for Think\Controller::show(), called in D:\wamp\www\shouji\application\Home\Controller\IndexController.class.php on line 30 and defined D:\wamp\www\shouji\ThinkPHP\Library\Think\Controller.class.php 第 68 行.
NOTIC: [8] Undefined variable: content D:\wamp\www\shouji\ThinkPHP\Library\Think\Controller.class.php 第 69 行.
INFO: [ view_parse ] --START--
INFO: [ template_filter ] --START--
INFO: Run Behavior\ContentReplaceBehavior [ RunTime:0.001000s ]
INFO: [ template_filter ] --END-- [ RunTime:0.001000s ]
INFO: Run Behavior\ParseTemplateBehavior [ RunTime:0.022001s ]
INFO: [ view_parse ] --END-- [ RunTime:0.022001s ]
INFO: [ view_filter ] --START--
INFO: Run Behavior\WriteHtmlCacheBehavior [ RunTime:0.001000s ]
INFO: [ view_filter ] --END-- [ RunTime:0.001000s ]
INFO: [ app_end ] --START--
INFO: Run Behavior\ShowPageTraceBehavior [ RunTime:0.001000s ]
INFO: [ app_end ] --END-- [ RunTime:0.001000s ]

[ 2017-10-21T09:01:56+08:00 ] ::1 /shouji/
INFO: [ app_init ] --START--
INFO: Run Behavior\BuildLiteBehavior [ RunTime:0.000000s ]
INFO: [ app_init ] --END-- [ RunTime:0.000000s ]
INFO: [ app_begin ] --START--
INFO: Run Behavior\ReadHtmlCacheBehavior [ RunTime:0.001000s ]
INFO: [ app_begin ] --END-- [ RunTime:0.001000s ]
NOTIC: [8] Undefined index: id D:\wamp\www\shouji\application\Home\Controller\IndexController.class.php 第 6 行.
SQL: SHOW COLUMNS FROM `shouji` [ RunTime:0.003000s ]
SQL: SHOW COLUMNS FROM `model_number` [ RunTime:0.003000s ]
NOTIC: [2] Missing argument 1 for Think\Model::where(), called in D:\wamp\www\shouji\application\Home\Controller\IndexController.class.php on line 17 and defined D:\wamp\www\shouji\ThinkPHP\Library\Think\Model.class.php 第 1598 行.
NOTIC: [8] Undefined variable: where D:\wamp\www\shouji\ThinkPHP\Library\Think\Model.class.php 第 1606 行.
NOTIC: [8] Undefined variable: where D:\wamp\www\shouji\ThinkPHP\Library\Think\Model.class.php 第 1609 行.
NOTIC: [8] Undefined variable: where D:\wamp\www\shouji\ThinkPHP\Library\Think\Model.class.php 第 1617 行.
SQL: SELECT * FROM `model_number` LIMIT 0,8   [ RunTime:0.000000s ]
SQL: SELECT * FROM `shouji`  [ RunTime:0.000000s ]
NOTIC: [2] Missing argument 1 for Think\Controller::show(), called in D:\wamp\www\shouji\application\Home\Controller\IndexController.class.php on line 30 and defined D:\wamp\www\shouji\ThinkPHP\Library\Think\Controller.class.php 第 68 行.
NOTIC: [8] Undefined variable: content D:\wamp\www\shouji\ThinkPHP\Library\Think\Controller.class.php 第 69 行.
INFO: [ view_parse ] --START--
INFO: [ template_filter ] --START--
INFO: Run Behavior\ContentReplaceBehavior [ RunTime:0.000000s ]
INFO: [ template_filter ] --END-- [ RunTime:0.000000s ]
INFO: Run Behavior\ParseTemplateBehavior [ RunTime:0.009001s ]
INFO: [ view_parse ] --END-- [ RunTime:0.009001s ]
INFO: [ view_filter ] --START--
INFO: Run Behavior\WriteHtmlCacheBehavior [ RunTime:0.001000s ]
INFO: [ view_filter ] --END-- [ RunTime:0.001000s ]
INFO: [ app_end ] --START--
INFO: Run Behavior\ShowPageTraceBehavior [ RunTime:0.001000s ]
INFO: [ app_end ] --END-- [ RunTime:0.001000s ]

